SF:lib/src/models/post.dart
DA:13,1
DA:20,2
DA:22,0
DA:23,0
LF:4
LH:2
end_of_record
SF:lib/src/models/post.g.dart
DA:9,2
DA:10,1
DA:11,1
DA:12,1
DA:13,1
LF:5
LH:5
end_of_record
SF:lib/src/models/user.dart
DA:16,1
DA:27,2
DA:38,1
DA:46,1
DA:47,1
DA:55,1
DA:60,2
DA:69,1
DA:75,1
DA:76,1
LF:10
LH:10
end_of_record
SF:lib/src/models/user.g.dart
DA:9,2
DA:10,2
DA:11,1
DA:12,1
DA:13,1
DA:14,1
DA:16,2
DA:17,1
DA:18,1
DA:19,1
DA:21,2
DA:24,2
DA:25,1
DA:26,1
DA:27,1
DA:28,1
DA:29,1
DA:31,2
DA:34,2
DA:35,1
DA:36,1
DA:39,2
DA:40,1
DA:41,1
DA:42,1
LF:25
LH:25
end_of_record
SF:lib/src/remote_source_api_client.dart
DA:19,1
DA:20,1
DA:27,1
DA:28,1
DA:33,2
DA:35,2
DA:36,1
DA:39,2
DA:42,3
DA:43,1
DA:48,1
DA:49,1
DA:54,2
DA:56,1
DA:59,2
DA:60,1
LF:16
LH:16
end_of_record
