SF:lib/src/models/post.dart
DA:13,1
DA:20,0
DA:21,0
DA:23,2
LF:4
LH:2
end_of_record
SF:lib/src/models/post.g.dart
DA:9,0
DA:10,0
DA:11,0
DA:12,0
DA:13,0
DA:16,2
DA:17,1
DA:18,1
DA:19,1
DA:20,1
LF:10
LH:5
end_of_record
SF:lib/src/models/user.dart
DA:17,1
DA:28,2
DA:30,0
DA:32,0
DA:33,0
DA:34,0
DA:35,0
DA:36,0
DA:37,0
DA:38,0
DA:39,0
DA:40,0
DA:41,0
DA:53,1
DA:61,1
DA:62,1
DA:64,0
DA:66,0
DA:67,0
DA:68,0
DA:69,0
DA:70,0
DA:71,0
DA:72,0
DA:81,1
DA:86,2
DA:88,0
DA:90,0
DA:91,0
DA:100,1
DA:106,1
DA:107,1
DA:109,0
DA:111,0
DA:112,0
LF:35
LH:10
end_of_record
SF:lib/src/models/user.g.dart
DA:9,2
DA:10,2
DA:11,1
DA:12,1
DA:13,1
DA:14,1
DA:16,2
DA:17,1
DA:18,1
DA:19,1
DA:21,2
DA:24,0
DA:25,0
DA:26,0
DA:27,0
DA:28,0
DA:29,0
DA:30,0
DA:31,0
DA:32,0
DA:35,2
DA:36,1
DA:37,1
DA:38,1
DA:39,1
DA:40,1
DA:42,2
DA:45,0
DA:46,0
DA:47,0
DA:48,0
DA:49,0
DA:50,0
DA:53,2
DA:54,1
DA:55,1
DA:58,0
DA:59,0
DA:60,0
DA:63,2
DA:64,1
DA:65,1
DA:66,1
DA:69,0
DA:70,0
DA:71,0
DA:72,0
LF:47
LH:25
end_of_record
SF:lib/src/remote_source_api_client.dart
DA:19,1
DA:20,1
DA:27,1
DA:28,1
DA:33,2
DA:35,2
DA:36,1
DA:39,2
DA:42,3
DA:43,1
DA:48,1
DA:49,1
DA:54,2
DA:56,1
DA:59,2
DA:60,1
LF:16
LH:16
end_of_record
