SF:lib/util/connection_util.dart
DA:4,1
DA:5,0
DA:8,1
DA:10,2
DA:11,1
DA:12,1
DA:13,1
LF:7
LH:6
end_of_record
SF:lib/di/service_locator.dart
DA:9,0
DA:10,0
DA:11,0
DA:12,0
DA:13,0
DA:14,0
DA:15,0
LF:7
LH:0
end_of_record
SF:lib/features/add_post/add_post_state.dart
DA:6,12
DA:12,1
DA:16,1
DA:17,0
DA:21,1
DA:22,1
DA:23,1
LF:7
LH:6
end_of_record
SF:lib/features/add_post/add_post_cubit.dart
DA:10,4
DA:13,1
DA:14,3
DA:16,3
DA:20,3
DA:23,2
DA:24,1
DA:25,2
DA:29,1
DA:30,3
LF:10
LH:10
end_of_record
SF:lib/features/login/auth.dart
DA:6,1
DA:7,0
DA:11,1
DA:12,2
DA:13,1
DA:15,2
DA:21,3
DA:29,1
DA:30,2
DA:36,1
DA:37,2
LF:11
LH:10
end_of_record
SF:lib/features/login/login_state.dart
DA:15,13
DA:21,1
DA:24,1
DA:25,0
DA:29,1
DA:30,1
DA:31,1
LF:7
LH:6
end_of_record
SF:lib/features/login/login_cubit.dart
DA:10,2
DA:13,1
DA:14,3
DA:16,2
DA:18,3
DA:21,3
DA:23,3
DA:27,1
DA:28,3
DA:30,3
DA:34,3
DA:37,2
DA:38,1
DA:39,2
DA:43,1
DA:44,3
DA:48,1
DA:49,3
DA:51,2
DA:52,3
DA:56,3
LF:21
LH:21
end_of_record
SF:lib/main.dart
DA:9,21
DA:11,0
DA:12,0
DA:13,0
DA:15,0
DA:16,0
DA:17,0
DA:18,0
DA:20,0
DA:24,10
DA:26,0
DA:28,0
DA:29,0
DA:31,0
DA:32,0
LF:15
LH:2
end_of_record
SF:lib/util/json_generator.dart
DA:10,0
DA:12,0
DA:13,0
DA:15,0
DA:16,0
DA:19,0
DA:20,0
DA:21,0
DA:25,0
DA:26,0
DA:27,0
DA:28,0
DA:29,0
LF:13
LH:0
end_of_record
SF:lib/features/add_post/add_post_view.dart
DA:10,12
DA:12,2
DA:13,2
DA:21,2
DA:23,4
DA:24,4
DA:25,4
DA:26,2
DA:29,2
DA:31,2
DA:32,6
DA:33,2
DA:34,2
DA:36,2
DA:37,2
DA:38,4
DA:45,4
DA:52,4
DA:59,4
DA:60,1
DA:61,1
DA:63,1
DA:68,1
DA:70,1
DA:71,1
DA:79,4
DA:80,2
DA:82,2
DA:84,2
DA:85,2
DA:95,2
DA:96,2
DA:104,2
DA:105,2
DA:113,2
DA:114,1
DA:115,1
DA:116,3
DA:117,2
DA:118,2
DA:120,2
DA:127,0
DA:137,11
DA:140,1
DA:142,3
DA:143,1
DA:144,1
DA:145,1
DA:146,1
LF:49
LH:48
end_of_record
SF:lib/presentation/widgets/my_text_field.dart
DA:4,3
DA:18,3
DA:20,3
DA:21,3
DA:23,3
DA:32,3
DA:33,6
DA:34,3
DA:35,3
DA:36,3
DA:37,3
DA:41,3
LF:12
LH:12
end_of_record
SF:lib/features/login/login_view.dart
DA:9,11
DA:11,1
DA:13,1
DA:14,2
DA:21,11
DA:23,1
DA:24,1
DA:31,1
DA:33,3
DA:34,3
DA:36,1
DA:39,1
DA:41,2
DA:42,2
DA:43,1
DA:46,1
DA:48,1
DA:49,1
DA:51,1
DA:52,1
DA:53,1
DA:54,2
DA:55,2
DA:56,1
DA:60,1
DA:61,1
DA:62,2
DA:63,2
DA:64,2
DA:67,2
DA:70,1
DA:72,1
DA:73,1
DA:74,1
DA:81,1
DA:82,1
DA:90,1
DA:91,1
DA:92,2
DA:93,2
DA:94,2
DA:102,1
DA:103,2
DA:116,1
DA:117,1
DA:120,1
LF:46
LH:46
end_of_record
SF:lib/features/user_detail/user_detail_view.dart
DA:5,1
DA:9,1
DA:11,1
DA:12,1
DA:15,1
DA:17,1
DA:20,1
DA:22,4
DA:27,3
DA:32,1
DA:33,2
DA:48,1
DA:54,1
DA:56,3
DA:57,1
DA:58,1
DA:59,1
DA:62,1
DA:63,1
DA:64,1
DA:71,1
DA:72,1
DA:73,1
DA:74,1
LF:24
LH:24
end_of_record
SF:lib/features/users_list/user_list_state.dart
DA:15,12
DA:23,1
DA:27,1
DA:28,0
DA:29,1
DA:33,1
DA:34,1
DA:36,2
DA:38,1
DA:39,1
DA:40,1
DA:41,1
LF:12
LH:11
end_of_record
SF:lib/features/users_list/user_list_cubit.dart
DA:13,1
DA:14,1
DA:18,1
DA:19,3
DA:21,1
DA:25,3
DA:28,1
DA:29,2
DA:35,1
DA:36,3
DA:39,2
DA:40,1
DA:41,2
DA:46,1
DA:47,3
DA:51,1
DA:52,3
DA:55,4
DA:56,1
DA:57,2
DA:61,1
DA:62,3
DA:66,1
DA:68,1
DA:70,1
DA:71,1
LF:26
LH:26
end_of_record
SF:lib/features/users_list/user_list_cubit.g.dart
DA:9,1
DA:10,1
DA:11,2
DA:13,1
DA:14,1
DA:15,1
DA:19,1
DA:20,1
DA:21,2
DA:22,1
LF:10
LH:10
end_of_record
SF:lib/features/users_list/users_list_view.dart
DA:11,11
DA:13,1
DA:15,1
DA:16,1
DA:17,1
DA:18,3
DA:20,1
DA:21,2
DA:30,11
DA:32,1
DA:33,1
DA:37,1
DA:39,3
DA:40,1
DA:43,1
DA:45,1
DA:46,1
DA:48,1
DA:49,1
DA:51,1
DA:53,1
DA:54,2
DA:58,1
DA:59,2
DA:63,2
DA:76,1
DA:77,1
DA:78,2
DA:79,1
DA:83,1
DA:84,1
DA:85,2
DA:86,2
DA:87,1
DA:88,1
DA:90,1
DA:91,3
DA:97,1
DA:98,0
DA:99,0
DA:107,2
DA:112,1
DA:116,1
DA:117,1
DA:119,1
DA:120,1
DA:121,1
DA:122,1
DA:124,1
DA:126,1
DA:127,1
DA:128,2
DA:130,1
DA:131,1
DA:132,0
DA:133,0
DA:138,1
DA:148,1
DA:150,1
DA:152,1
DA:154,1
DA:165,1
DA:168,0
DA:169,0
DA:172,0
DA:178,1
DA:180,2
DA:181,2
DA:182,1
DA:184,0
DA:186,0
DA:189,0
DA:190,0
DA:193,0
DA:195,0
DA:196,0
DA:197,0
DA:199,0
LF:78
LH:62
end_of_record
SF:lib/features/users_list/widgets/user_card.dart
DA:7,2
DA:12,2
DA:14,2
DA:16,2
DA:17,2
DA:19,2
DA:22,2
DA:24,2
DA:25,2
DA:26,4
DA:33,2
DA:34,4
DA:35,2
DA:37,2
LF:14
LH:14
end_of_record
SF:lib/presentation/router.dart
DA:10,0
DA:12,0
DA:13,0
DA:16,0
DA:20,0
DA:23,0
DA:24,0
DA:25,0
DA:26,0
DA:31,0
DA:33,0
DA:37,0
DA:40,0
DA:41,0
DA:42,0
LF:15
LH:0
end_of_record
